<?xml version="1.0" encoding="UTF-8"?>
<testsuite name="com.bridgelabz.BinarySearchTreeTest" tests="2" skipped="0" failures="0" errors="0" timestamp="2021-06-21T09:16:47" hostname="DESKTOP-0M348LP" time="0.045">
  <properties/>
  <testcase name="givenThreeNumbers_whenAddedToTree_ShouldReturnSizeThree()" classname="com.bridgelabz.BinarySearchTreeTest" time="0.043"/>
  <testcase name="given3NumbersWhenAddedToBinaryTreeShouldReturnSizeThree()" classname="com.bridgelabz.BinarySearchTreeTest" time="0.001"/>
  <system-out><![CDATA[]]></system-out>
  <system-err><![CDATA[]]></system-err>
</testsuite>
